<?xml version="1.0" encoding="UTF-8"?>
<TestRun id="b53c8e9e-7fb4-4158-b409-8db22a4d961a" name="nsa@NSA-PC 2013-10-01 16:17:48" runUser="COMPUTERCENTER\nsa" xmlns="http://microsoft.com/schemas/VisualStudio/TeamTest/2010">
  <TestSettings name="Local" id="8e8251e7-67bd-4273-b65a-523069f3da09">
    <Description>These are default test settings for a local test run.</Description>
    <Deployment enabled="false" runDeploymentRoot="nsa_NSA-PC 2013-10-01 16_17_48">
      <DeploymentItem filename="C:\Users\NSA\documents\visual studio 2010\Projects\GetThePageRank\GetThePageRank.DLL\bin\Debug\GetThePageRank.DLL.dll" />
    </Deployment>
    <Execution>
      <TestTypeSpecific />
      <AgentRule name="Execution Agents">
      </AgentRule>
    </Execution>
  </TestSettings>
  <Times creation="2013-10-01T16:17:48.1165706+02:00" queuing="2013-10-01T16:17:49.6285706+02:00" start="2013-10-01T16:17:49.6905706+02:00" finish="2013-10-01T16:17:55.5805706+02:00" />
  <ResultSummary outcome="Completed">
    <Counters total="2" executed="2" passed="2" error="0" failed="0" timeout="0" aborted="0" inconclusive="0" passedButRunAborted="0" notRunnable="0" notExecuted="0" disconnected="0" warning="0" completed="0" inProgress="0" pending="0" />
  </ResultSummary>
  <TestDefinitions>
    <UnitTest name="TestURL" storage="c:\users\nsa\documents\visual studio 2010\projects\getthepagerank\getthepagerank.test\bin\debug\getthepagerank.test.dll" id="200e4d8a-c1b4-e53b-7fa3-4695e038e8f8">
      <Execution id="4990ac0c-e30e-420c-ac59-355b4b06bddd" />
      <TestMethod codeBase="C:/Users/NSA/documents/visual studio 2010/Projects/GetThePageRank/GetThePageRank.Test/bin/Debug/GetThePageRank.Test.DLL" adapterTypeName="Microsoft.VisualStudio.TestTools.TestTypes.Unit.UnitTestAdapter, Microsoft.VisualStudio.QualityTools.Tips.UnitTest.Adapter, Version=10.0.0.0, Culture=neutral, PublicKeyToken=b03f5f7f11d50a3a" className="GetThePageRank.Test.UnitTest1, GetThePageRank.Test, Version=1.0.0.0, Culture=neutral, PublicKeyToken=null" name="TestURL" />
    </UnitTest>
    <UnitTest name="Test" storage="c:\users\nsa\documents\visual studio 2010\projects\getthepagerank\getthepagerank.test\bin\debug\getthepagerank.test.dll" id="8b0895c3-b2f6-89ab-d6fc-c786e24fb123">
      <Execution id="3e5da06f-e658-4b09-95af-056f483540a7" />
      <TestMethod codeBase="C:/Users/NSA/documents/visual studio 2010/Projects/GetThePageRank/GetThePageRank.Test/bin/Debug/GetThePageRank.Test.DLL" adapterTypeName="Microsoft.VisualStudio.TestTools.TestTypes.Unit.UnitTestAdapter, Microsoft.VisualStudio.QualityTools.Tips.UnitTest.Adapter, Version=10.0.0.0, Culture=neutral, PublicKeyToken=b03f5f7f11d50a3a" className="GetThePageRank.Test.UnitTest1, GetThePageRank.Test, Version=1.0.0.0, Culture=neutral, PublicKeyToken=null" name="Test" />
    </UnitTest>
  </TestDefinitions>
  <TestLists>
    <TestList name="Results Not in a List" id="8c84fa94-04c1-424b-9868-57a2d4851a1d" />
    <TestList name="All Loaded Results" id="19431567-8539-422a-85d7-44ee4e166bda" />
  </TestLists>
  <TestEntries>
    <TestEntry testId="8b0895c3-b2f6-89ab-d6fc-c786e24fb123" executionId="3e5da06f-e658-4b09-95af-056f483540a7" testListId="8c84fa94-04c1-424b-9868-57a2d4851a1d" />
    <TestEntry testId="200e4d8a-c1b4-e53b-7fa3-4695e038e8f8" executionId="4990ac0c-e30e-420c-ac59-355b4b06bddd" testListId="8c84fa94-04c1-424b-9868-57a2d4851a1d" />
  </TestEntries>
  <Results>
    <UnitTestResult executionId="3e5da06f-e658-4b09-95af-056f483540a7" testId="8b0895c3-b2f6-89ab-d6fc-c786e24fb123" testName="Test" computerName="NSA-PC" duration="00:00:05.1867544" startTime="2013-10-01T16:17:49.7485706+02:00" endTime="2013-10-01T16:17:55.4925706+02:00" testType="13cdc9d9-ddb5-4fa4-a97d-d965ccfc6d4b" outcome="Passed" testListId="8c84fa94-04c1-424b-9868-57a2d4851a1d" relativeResultsDirectory="3e5da06f-e658-4b09-95af-056f483540a7">
    </UnitTestResult>
    <UnitTestResult executionId="4990ac0c-e30e-420c-ac59-355b4b06bddd" testId="200e4d8a-c1b4-e53b-7fa3-4695e038e8f8" testName="TestURL" computerName="NSA-PC" duration="00:00:00.0001518" startTime="2013-10-01T16:17:55.5115706+02:00" endTime="2013-10-01T16:17:55.5145706+02:00" testType="13cdc9d9-ddb5-4fa4-a97d-d965ccfc6d4b" outcome="Passed" testListId="8c84fa94-04c1-424b-9868-57a2d4851a1d" relativeResultsDirectory="4990ac0c-e30e-420c-ac59-355b4b06bddd">
    </UnitTestResult>
  </Results>
</TestRun>