<?xml version="1.0" encoding="UTF-8"?>
<TestRun id="ee6185ab-5776-4afe-8d25-79e776e92d98" name="nsa@NSA-PC 2013-10-01 15:59:34" runUser="COMPUTERCENTER\nsa" xmlns="http://microsoft.com/schemas/VisualStudio/TeamTest/2010">
  <TestSettings name="Local" id="8e8251e7-67bd-4273-b65a-523069f3da09">
    <Description>These are default test settings for a local test run.</Description>
    <Deployment enabled="false" runDeploymentRoot="nsa_NSA-PC 2013-10-01 15_59_34">
      <DeploymentItem filename="C:\Users\NSA\documents\visual studio 2010\Projects\GetThePageRank\GetThePageRank.DLL\bin\Debug\GetThePageRank.DLL.dll" />
    </Deployment>
    <Execution>
      <TestTypeSpecific />
      <AgentRule name="Execution Agents">
      </AgentRule>
    </Execution>
  </TestSettings>
  <Times creation="2013-10-01T15:59:34.0365706+02:00" queuing="2013-10-01T15:59:37.0405706+02:00" start="2013-10-01T15:59:37.1175706+02:00" finish="2013-10-01T15:59:59.0175706+02:00" />
  <ResultSummary outcome="Error">
    <Counters total="2" executed="1" error="0" failed="0" timeout="0" aborted="1" inconclusive="0" passedButRunAborted="0" notRunnable="0" notExecuted="1" disconnected="0" warning="0" passed="0" completed="0" inProgress="0" pending="0" />
    <RunInfos>
      <RunInfo computerName="NSA-PC" outcome="Error" timestamp="2013-10-01T15:59:59.0165706+02:00">
        <Text>Test host process exited unexpectedly.</Text>
      </RunInfo>
    </RunInfos>
  </ResultSummary>
  <TestDefinitions>
    <UnitTest name="TestURL" storage="c:\users\nsa\documents\visual studio 2010\projects\getthepagerank\getthepagerank.test\bin\debug\getthepagerank.test.dll" id="200e4d8a-c1b4-e53b-7fa3-4695e038e8f8">
      <Execution id="11a1a230-dc84-4906-9537-d3be02867b28" />
      <TestMethod codeBase="C:/Users/NSA/documents/visual studio 2010/Projects/GetThePageRank/GetThePageRank.Test/bin/Debug/GetThePageRank.Test.DLL" adapterTypeName="Microsoft.VisualStudio.TestTools.TestTypes.Unit.UnitTestAdapter, Microsoft.VisualStudio.QualityTools.Tips.UnitTest.Adapter, Version=10.0.0.0, Culture=neutral, PublicKeyToken=b03f5f7f11d50a3a" className="GetThePageRank.Test.UnitTest1, GetThePageRank.Test, Version=1.0.0.0, Culture=neutral, PublicKeyToken=null" name="TestURL" />
    </UnitTest>
    <UnitTest name="Test" storage="c:\users\nsa\documents\visual studio 2010\projects\getthepagerank\getthepagerank.test\bin\debug\getthepagerank.test.dll" id="8b0895c3-b2f6-89ab-d6fc-c786e24fb123">
      <Execution id="43ae0dd0-6d90-4e0a-8879-9b44a368251e" />
      <TestMethod codeBase="C:/Users/NSA/documents/visual studio 2010/Projects/GetThePageRank/GetThePageRank.Test/bin/Debug/GetThePageRank.Test.DLL" adapterTypeName="Microsoft.VisualStudio.TestTools.TestTypes.Unit.UnitTestAdapter, Microsoft.VisualStudio.QualityTools.Tips.UnitTest.Adapter, Version=10.0.0.0, Culture=neutral, PublicKeyToken=b03f5f7f11d50a3a" className="GetThePageRank.Test.UnitTest1, GetThePageRank.Test, Version=1.0.0.0, Culture=neutral, PublicKeyToken=null" name="Test" />
    </UnitTest>
  </TestDefinitions>
  <TestLists>
    <TestList name="Results Not in a List" id="8c84fa94-04c1-424b-9868-57a2d4851a1d" />
    <TestList name="All Loaded Results" id="19431567-8539-422a-85d7-44ee4e166bda" />
  </TestLists>
  <TestEntries>
    <TestEntry testId="8b0895c3-b2f6-89ab-d6fc-c786e24fb123" executionId="43ae0dd0-6d90-4e0a-8879-9b44a368251e" testListId="8c84fa94-04c1-424b-9868-57a2d4851a1d" />
    <TestEntry testId="200e4d8a-c1b4-e53b-7fa3-4695e038e8f8" executionId="11a1a230-dc84-4906-9537-d3be02867b28" testListId="8c84fa94-04c1-424b-9868-57a2d4851a1d" />
  </TestEntries>
  <Results>
    <UnitTestResult executionId="43ae0dd0-6d90-4e0a-8879-9b44a368251e" testId="8b0895c3-b2f6-89ab-d6fc-c786e24fb123" testName="Test" computerName="NSA-PC" duration="00:00:21.8290000" startTime="2013-10-01T15:59:37.1885706+02:00" endTime="2013-10-01T15:59:59.0175706+02:00" testType="13cdc9d9-ddb5-4fa4-a97d-d965ccfc6d4b" outcome="Aborted" testListId="8c84fa94-04c1-424b-9868-57a2d4851a1d" relativeResultsDirectory="43ae0dd0-6d90-4e0a-8879-9b44a368251e">
    </UnitTestResult>
    <UnitTestResult executionId="11a1a230-dc84-4906-9537-d3be02867b28" testId="200e4d8a-c1b4-e53b-7fa3-4695e038e8f8" testName="TestURL" computerName="NSA-PC" testType="13cdc9d9-ddb5-4fa4-a97d-d965ccfc6d4b" outcome="NotExecuted" testListId="8c84fa94-04c1-424b-9868-57a2d4851a1d" relativeResultsDirectory="11a1a230-dc84-4906-9537-d3be02867b28">
    </UnitTestResult>
  </Results>
</TestRun>